I, [2018-06-13T14:12:39.725210 #188]  INFO -- default-rhel-7: -----> Creating <default-rhel-7>...
I, [2018-06-13T14:12:43.190349 #188]  INFO -- default-rhel-7: Bringing machine 'default' up with 'virtualbox' provider...
I, [2018-06-13T14:12:45.983249 #188]  INFO -- default-rhel-7: ==> default: Box 'rhel-7' could not be found. Attempting to find and install...
I, [2018-06-13T14:12:45.983391 #188]  INFO -- default-rhel-7:     default: Box Provider: virtualbox
I, [2018-06-13T14:12:45.983487 #188]  INFO -- default-rhel-7:     default: Box Version: >= 0
I, [2018-06-13T14:12:46.251957 #188]  INFO -- default-rhel-7: ==> default: Box file was not detected as metadata. Adding it directly...
I, [2018-06-13T14:12:46.276071 #188]  INFO -- default-rhel-7: ==> default: Adding box 'rhel-7' (v0) for provider: virtualbox
I, [2018-06-13T14:12:46.276181 #188]  INFO -- default-rhel-7:     default: Downloading: rhel-7
I, [2018-06-13T14:12:46.334719 #188]  INFO -- default-rhel-7: [K    default: 
I, [2018-06-13T14:12:46.345802 #188]  INFO -- default-rhel-7: An error occurred while downloading the remote file. The error
I, [2018-06-13T14:12:46.345943 #188]  INFO -- default-rhel-7: message, if any, is reproduced below. Please fix this error and try
I, [2018-06-13T14:12:46.346035 #188]  INFO -- default-rhel-7: again.
I, [2018-06-13T14:12:46.346121 #188]  INFO -- default-rhel-7: 
I, [2018-06-13T14:12:46.346245 #188]  INFO -- default-rhel-7: Couldn't open file /C:/Users/chamun/Documents/DELL-EMC-Job/learn-chef/cookbooks/dvd_store3_postgres/.kitchen/kitchen-vagrant/default-rhel-7/rhel-7
E, [2018-06-13T14:12:46.375641 #188] ERROR -- default-rhel-7: Create failed on instance <default-rhel-7>.
E, [2018-06-13T14:12:46.375808 #188] ERROR -- default-rhel-7: ------Exception-------
E, [2018-06-13T14:12:46.375895 #188] ERROR -- default-rhel-7: Class: Kitchen::ShellOut::ShellCommandFailed
E, [2018-06-13T14:12:46.375968 #188] ERROR -- default-rhel-7: Message: Expected process to exit with [0], but received '1'
---- Begin output of vagrant up --no-provision --provider virtualbox ----
STDOUT: Bringing machine 'default' up with 'virtualbox' provider...
==> default: Box 'rhel-7' could not be found. Attempting to find and install...
    default: Box Provider: virtualbox
    default: Box Version: >= 0
==> default: Box file was not detected as metadata. Adding it directly...
==> default: Adding box 'rhel-7' (v0) for provider: virtualbox
    default: Downloading: rhel-7
[K    default:
STDERR: An error occurred while downloading the remote file. The error
message, if any, is reproduced below. Please fix this error and try
again.

Couldn't open file /C:/Users/chamun/Documents/DELL-EMC-Job/learn-chef/cookbooks/dvd_store3_postgres/.kitchen/kitchen-vagrant/default-rhel-7/rhel-7
---- End output of vagrant up --no-provision --provider virtualbox ----
Ran vagrant up --no-provision --provider virtualbox returned 1
E, [2018-06-13T14:12:46.376033 #188] ERROR -- default-rhel-7: ----------------------
E, [2018-06-13T14:12:46.376110 #188] ERROR -- default-rhel-7: ------Backtrace-------
E, [2018-06-13T14:12:46.376181 #188] ERROR -- default-rhel-7: C:/opscode/chefdk/embedded/lib/ruby/gems/2.5.0/gems/test-kitchen-1.21.2/lib/kitchen/shell_out.rb:71:in `rescue in run_command'
E, [2018-06-13T14:12:46.376254 #188] ERROR -- default-rhel-7: C:/opscode/chefdk/embedded/lib/ruby/gems/2.5.0/gems/test-kitchen-1.21.2/lib/kitchen/shell_out.rb:58:in `run_command'
E, [2018-06-13T14:12:46.376332 #188] ERROR -- default-rhel-7: C:/opscode/chefdk/embedded/lib/ruby/gems/2.5.0/gems/kitchen-vagrant-1.3.2/lib/kitchen/driver/vagrant.rb:452:in `run_command'
E, [2018-06-13T14:12:46.376403 #188] ERROR -- default-rhel-7: C:/opscode/chefdk/embedded/lib/ruby/gems/2.5.0/gems/kitchen-vagrant-1.3.2/lib/kitchen/driver/vagrant.rb:399:in `run'
E, [2018-06-13T14:12:46.376464 #188] ERROR -- default-rhel-7: C:/opscode/chefdk/embedded/lib/ruby/gems/2.5.0/gems/kitchen-vagrant-1.3.2/lib/kitchen/driver/vagrant.rb:483:in `run_vagrant_up'
E, [2018-06-13T14:12:46.376608 #188] ERROR -- default-rhel-7: C:/opscode/chefdk/embedded/lib/ruby/gems/2.5.0/gems/kitchen-vagrant-1.3.2/lib/kitchen/driver/vagrant.rb:109:in `create'
E, [2018-06-13T14:12:46.376741 #188] ERROR -- default-rhel-7: C:/opscode/chefdk/embedded/lib/ruby/gems/2.5.0/gems/test-kitchen-1.21.2/lib/kitchen/instance.rb:469:in `public_send'
E, [2018-06-13T14:12:46.376810 #188] ERROR -- default-rhel-7: C:/opscode/chefdk/embedded/lib/ruby/gems/2.5.0/gems/test-kitchen-1.21.2/lib/kitchen/instance.rb:469:in `block in perform_action'
E, [2018-06-13T14:12:46.376872 #188] ERROR -- default-rhel-7: C:/opscode/chefdk/embedded/lib/ruby/gems/2.5.0/gems/test-kitchen-1.21.2/lib/kitchen/instance.rb:533:in `block in synchronize_or_call'
E, [2018-06-13T14:12:46.376924 #188] ERROR -- default-rhel-7: C:/opscode/chefdk/embedded/lib/ruby/gems/2.5.0/gems/test-kitchen-1.21.2/lib/kitchen/instance.rb:531:in `synchronize'
E, [2018-06-13T14:12:46.376990 #188] ERROR -- default-rhel-7: C:/opscode/chefdk/embedded/lib/ruby/gems/2.5.0/gems/test-kitchen-1.21.2/lib/kitchen/instance.rb:531:in `synchronize_or_call'
E, [2018-06-13T14:12:46.377066 #188] ERROR -- default-rhel-7: C:/opscode/chefdk/embedded/lib/ruby/gems/2.5.0/gems/test-kitchen-1.21.2/lib/kitchen/instance.rb:498:in `block in action'
E, [2018-06-13T14:12:46.377132 #188] ERROR -- default-rhel-7: C:/opscode/chefdk/embedded/lib/ruby/2.5.0/benchmark.rb:293:in `measure'
E, [2018-06-13T14:12:46.377207 #188] ERROR -- default-rhel-7: C:/opscode/chefdk/embedded/lib/ruby/gems/2.5.0/gems/test-kitchen-1.21.2/lib/kitchen/instance.rb:497:in `action'
E, [2018-06-13T14:12:46.377281 #188] ERROR -- default-rhel-7: C:/opscode/chefdk/embedded/lib/ruby/gems/2.5.0/gems/test-kitchen-1.21.2/lib/kitchen/instance.rb:469:in `perform_action'
E, [2018-06-13T14:12:46.377350 #188] ERROR -- default-rhel-7: C:/opscode/chefdk/embedded/lib/ruby/gems/2.5.0/gems/test-kitchen-1.21.2/lib/kitchen/instance.rb:379:in `create_action'
E, [2018-06-13T14:12:46.377420 #188] ERROR -- default-rhel-7: C:/opscode/chefdk/embedded/lib/ruby/gems/2.5.0/gems/test-kitchen-1.21.2/lib/kitchen/instance.rb:368:in `block in transition_to'
E, [2018-06-13T14:12:46.377489 #188] ERROR -- default-rhel-7: C:/opscode/chefdk/embedded/lib/ruby/gems/2.5.0/gems/test-kitchen-1.21.2/lib/kitchen/instance.rb:367:in `each'
E, [2018-06-13T14:12:46.377556 #188] ERROR -- default-rhel-7: C:/opscode/chefdk/embedded/lib/ruby/gems/2.5.0/gems/test-kitchen-1.21.2/lib/kitchen/instance.rb:367:in `transition_to'
E, [2018-06-13T14:12:46.377625 #188] ERROR -- default-rhel-7: C:/opscode/chefdk/embedded/lib/ruby/gems/2.5.0/gems/test-kitchen-1.21.2/lib/kitchen/instance.rb:124:in `create'
E, [2018-06-13T14:12:46.377684 #188] ERROR -- default-rhel-7: C:/opscode/chefdk/embedded/lib/ruby/gems/2.5.0/gems/test-kitchen-1.21.2/lib/kitchen/command.rb:197:in `public_send'
E, [2018-06-13T14:12:46.377745 #188] ERROR -- default-rhel-7: C:/opscode/chefdk/embedded/lib/ruby/gems/2.5.0/gems/test-kitchen-1.21.2/lib/kitchen/command.rb:197:in `run_action_in_thread'
E, [2018-06-13T14:12:46.377798 #188] ERROR -- default-rhel-7: C:/opscode/chefdk/embedded/lib/ruby/gems/2.5.0/gems/test-kitchen-1.21.2/lib/kitchen/command.rb:169:in `block (2 levels) in run_action'
E, [2018-06-13T14:12:46.377865 #188] ERROR -- default-rhel-7: ----End Backtrace-----
E, [2018-06-13T14:12:46.377938 #188] ERROR -- default-rhel-7: ---Nested Exception---
E, [2018-06-13T14:12:46.377996 #188] ERROR -- default-rhel-7: Class: Mixlib::ShellOut::ShellCommandFailed
E, [2018-06-13T14:12:46.378050 #188] ERROR -- default-rhel-7: Message: Expected process to exit with [0], but received '1'
---- Begin output of vagrant up --no-provision --provider virtualbox ----
STDOUT: Bringing machine 'default' up with 'virtualbox' provider...
==> default: Box 'rhel-7' could not be found. Attempting to find and install...
    default: Box Provider: virtualbox
    default: Box Version: >= 0
==> default: Box file was not detected as metadata. Adding it directly...
==> default: Adding box 'rhel-7' (v0) for provider: virtualbox
    default: Downloading: rhel-7
[K    default:
STDERR: An error occurred while downloading the remote file. The error
message, if any, is reproduced below. Please fix this error and try
again.

Couldn't open file /C:/Users/chamun/Documents/DELL-EMC-Job/learn-chef/cookbooks/dvd_store3_postgres/.kitchen/kitchen-vagrant/default-rhel-7/rhel-7
---- End output of vagrant up --no-provision --provider virtualbox ----
Ran vagrant up --no-provision --provider virtualbox returned 1
E, [2018-06-13T14:12:46.378149 #188] ERROR -- default-rhel-7: ----------------------
E, [2018-06-13T14:12:46.378214 #188] ERROR -- default-rhel-7: ------Backtrace-------
E, [2018-06-13T14:12:46.378277 #188] ERROR -- default-rhel-7: C:/opscode/chefdk/embedded/lib/ruby/gems/2.5.0/gems/test-kitchen-1.21.2/lib/kitchen/shell_out.rb:71:in `rescue in run_command'
E, [2018-06-13T14:12:46.378392 #188] ERROR -- default-rhel-7: C:/opscode/chefdk/embedded/lib/ruby/gems/2.5.0/gems/test-kitchen-1.21.2/lib/kitchen/shell_out.rb:58:in `run_command'
E, [2018-06-13T14:12:46.378450 #188] ERROR -- default-rhel-7: C:/opscode/chefdk/embedded/lib/ruby/gems/2.5.0/gems/kitchen-vagrant-1.3.2/lib/kitchen/driver/vagrant.rb:452:in `run_command'
E, [2018-06-13T14:12:46.378503 #188] ERROR -- default-rhel-7: C:/opscode/chefdk/embedded/lib/ruby/gems/2.5.0/gems/kitchen-vagrant-1.3.2/lib/kitchen/driver/vagrant.rb:399:in `run'
E, [2018-06-13T14:12:46.378556 #188] ERROR -- default-rhel-7: C:/opscode/chefdk/embedded/lib/ruby/gems/2.5.0/gems/kitchen-vagrant-1.3.2/lib/kitchen/driver/vagrant.rb:483:in `run_vagrant_up'
E, [2018-06-13T14:12:46.378624 #188] ERROR -- default-rhel-7: C:/opscode/chefdk/embedded/lib/ruby/gems/2.5.0/gems/kitchen-vagrant-1.3.2/lib/kitchen/driver/vagrant.rb:109:in `create'
E, [2018-06-13T14:12:46.378682 #188] ERROR -- default-rhel-7: C:/opscode/chefdk/embedded/lib/ruby/gems/2.5.0/gems/test-kitchen-1.21.2/lib/kitchen/instance.rb:469:in `public_send'
E, [2018-06-13T14:12:46.378750 #188] ERROR -- default-rhel-7: C:/opscode/chefdk/embedded/lib/ruby/gems/2.5.0/gems/test-kitchen-1.21.2/lib/kitchen/instance.rb:469:in `block in perform_action'
E, [2018-06-13T14:12:46.378819 #188] ERROR -- default-rhel-7: C:/opscode/chefdk/embedded/lib/ruby/gems/2.5.0/gems/test-kitchen-1.21.2/lib/kitchen/instance.rb:533:in `block in synchronize_or_call'
E, [2018-06-13T14:12:46.378876 #188] ERROR -- default-rhel-7: C:/opscode/chefdk/embedded/lib/ruby/gems/2.5.0/gems/test-kitchen-1.21.2/lib/kitchen/instance.rb:531:in `synchronize'
E, [2018-06-13T14:12:46.378943 #188] ERROR -- default-rhel-7: C:/opscode/chefdk/embedded/lib/ruby/gems/2.5.0/gems/test-kitchen-1.21.2/lib/kitchen/instance.rb:531:in `synchronize_or_call'
E, [2018-06-13T14:12:46.379010 #188] ERROR -- default-rhel-7: C:/opscode/chefdk/embedded/lib/ruby/gems/2.5.0/gems/test-kitchen-1.21.2/lib/kitchen/instance.rb:498:in `block in action'
E, [2018-06-13T14:12:46.379066 #188] ERROR -- default-rhel-7: C:/opscode/chefdk/embedded/lib/ruby/2.5.0/benchmark.rb:293:in `measure'
E, [2018-06-13T14:12:46.379118 #188] ERROR -- default-rhel-7: C:/opscode/chefdk/embedded/lib/ruby/gems/2.5.0/gems/test-kitchen-1.21.2/lib/kitchen/instance.rb:497:in `action'
E, [2018-06-13T14:12:46.379173 #188] ERROR -- default-rhel-7: C:/opscode/chefdk/embedded/lib/ruby/gems/2.5.0/gems/test-kitchen-1.21.2/lib/kitchen/instance.rb:469:in `perform_action'
E, [2018-06-13T14:12:46.379230 #188] ERROR -- default-rhel-7: C:/opscode/chefdk/embedded/lib/ruby/gems/2.5.0/gems/test-kitchen-1.21.2/lib/kitchen/instance.rb:379:in `create_action'
E, [2018-06-13T14:12:46.379284 #188] ERROR -- default-rhel-7: C:/opscode/chefdk/embedded/lib/ruby/gems/2.5.0/gems/test-kitchen-1.21.2/lib/kitchen/instance.rb:368:in `block in transition_to'
E, [2018-06-13T14:12:46.379351 #188] ERROR -- default-rhel-7: C:/opscode/chefdk/embedded/lib/ruby/gems/2.5.0/gems/test-kitchen-1.21.2/lib/kitchen/instance.rb:367:in `each'
E, [2018-06-13T14:12:46.379421 #188] ERROR -- default-rhel-7: C:/opscode/chefdk/embedded/lib/ruby/gems/2.5.0/gems/test-kitchen-1.21.2/lib/kitchen/instance.rb:367:in `transition_to'
E, [2018-06-13T14:12:46.379479 #188] ERROR -- default-rhel-7: C:/opscode/chefdk/embedded/lib/ruby/gems/2.5.0/gems/test-kitchen-1.21.2/lib/kitchen/instance.rb:124:in `create'
E, [2018-06-13T14:12:46.379535 #188] ERROR -- default-rhel-7: C:/opscode/chefdk/embedded/lib/ruby/gems/2.5.0/gems/test-kitchen-1.21.2/lib/kitchen/command.rb:197:in `public_send'
E, [2018-06-13T14:12:46.379603 #188] ERROR -- default-rhel-7: C:/opscode/chefdk/embedded/lib/ruby/gems/2.5.0/gems/test-kitchen-1.21.2/lib/kitchen/command.rb:197:in `run_action_in_thread'
E, [2018-06-13T14:12:46.379662 #188] ERROR -- default-rhel-7: C:/opscode/chefdk/embedded/lib/ruby/gems/2.5.0/gems/test-kitchen-1.21.2/lib/kitchen/command.rb:169:in `block (2 levels) in run_action'
E, [2018-06-13T14:12:46.379729 #188] ERROR -- default-rhel-7: ----End Backtrace-----
