I, [2018-06-13T14:23:16.884178 #11516]  INFO -- default-fedora-28: -----> Creating <default-fedora-28>...
I, [2018-06-13T14:23:19.845865 #11516]  INFO -- default-fedora-28: Bringing machine 'default' up with 'virtualbox' provider...
I, [2018-06-13T14:23:22.641784 #11516]  INFO -- default-fedora-28: ==> default: Box 'bento/fedora-28' could not be found. Attempting to find and install...
I, [2018-06-13T14:23:22.641912 #11516]  INFO -- default-fedora-28:     default: Box Provider: virtualbox
I, [2018-06-13T14:23:22.642011 #11516]  INFO -- default-fedora-28:     default: Box Version: >= 0
I, [2018-06-13T14:23:24.343323 #11516]  INFO -- default-fedora-28: ==> default: Loading metadata for box 'bento/fedora-28'
I, [2018-06-13T14:23:24.343445 #11516]  INFO -- default-fedora-28:     default: URL: https://vagrantcloud.com/bento/fedora-28
I, [2018-06-13T14:23:25.546587 #11516]  INFO -- default-fedora-28: The box you're attempting to add doesn't support the provider
I, [2018-06-13T14:23:25.546781 #11516]  INFO -- default-fedora-28: you requested. Please find an alternate box or use an alternate
I, [2018-06-13T14:23:25.546899 #11516]  INFO -- default-fedora-28: provider. Double-check your requested provider to verify you didn't
I, [2018-06-13T14:23:25.546991 #11516]  INFO -- default-fedora-28: simply misspell it.
I, [2018-06-13T14:23:25.547109 #11516]  INFO -- default-fedora-28: 
I, [2018-06-13T14:23:25.547179 #11516]  INFO -- default-fedora-28: If you're adding a box from HashiCorp's Vagrant Cloud, make sure the box is
I, [2018-06-13T14:23:25.547237 #11516]  INFO -- default-fedora-28: released.
I, [2018-06-13T14:23:25.547290 #11516]  INFO -- default-fedora-28: 
I, [2018-06-13T14:23:25.547344 #11516]  INFO -- default-fedora-28: Name: bento/fedora-28
I, [2018-06-13T14:23:25.547397 #11516]  INFO -- default-fedora-28: Address: https://vagrantcloud.com/bento/fedora-28
I, [2018-06-13T14:23:25.547457 #11516]  INFO -- default-fedora-28: Requested provider: [:virtualbox]
E, [2018-06-13T14:23:25.576313 #11516] ERROR -- default-fedora-28: Create failed on instance <default-fedora-28>.
E, [2018-06-13T14:23:25.576556 #11516] ERROR -- default-fedora-28: ------Exception-------
E, [2018-06-13T14:23:25.576650 #11516] ERROR -- default-fedora-28: Class: Kitchen::ShellOut::ShellCommandFailed
E, [2018-06-13T14:23:25.576731 #11516] ERROR -- default-fedora-28: Message: Expected process to exit with [0], but received '1'
---- Begin output of vagrant up --no-provision --provider virtualbox ----
STDOUT: Bringing machine 'default' up with 'virtualbox' provider...
==> default: Box 'bento/fedora-28' could not be found. Attempting to find and install...
    default: Box Provider: virtualbox
    default: Box Version: >= 0
==> default: Loading metadata for box 'bento/fedora-28'
    default: URL: https://vagrantcloud.com/bento/fedora-28
STDERR: The box you're attempting to add doesn't support the provider
you requested. Please find an alternate box or use an alternate
provider. Double-check your requested provider to verify you didn't
simply misspell it.

If you're adding a box from HashiCorp's Vagrant Cloud, make sure the box is
released.

Name: bento/fedora-28
Address: https://vagrantcloud.com/bento/fedora-28
Requested provider: [:virtualbox]
---- End output of vagrant up --no-provision --provider virtualbox ----
Ran vagrant up --no-provision --provider virtualbox returned 1
E, [2018-06-13T14:23:25.576796 #11516] ERROR -- default-fedora-28: ----------------------
E, [2018-06-13T14:23:25.576849 #11516] ERROR -- default-fedora-28: ------Backtrace-------
E, [2018-06-13T14:23:25.576914 #11516] ERROR -- default-fedora-28: C:/opscode/chefdk/embedded/lib/ruby/gems/2.5.0/gems/test-kitchen-1.21.2/lib/kitchen/shell_out.rb:71:in `rescue in run_command'
E, [2018-06-13T14:23:25.576972 #11516] ERROR -- default-fedora-28: C:/opscode/chefdk/embedded/lib/ruby/gems/2.5.0/gems/test-kitchen-1.21.2/lib/kitchen/shell_out.rb:58:in `run_command'
E, [2018-06-13T14:23:25.577038 #11516] ERROR -- default-fedora-28: C:/opscode/chefdk/embedded/lib/ruby/gems/2.5.0/gems/kitchen-vagrant-1.3.2/lib/kitchen/driver/vagrant.rb:452:in `run_command'
E, [2018-06-13T14:23:25.577136 #11516] ERROR -- default-fedora-28: C:/opscode/chefdk/embedded/lib/ruby/gems/2.5.0/gems/kitchen-vagrant-1.3.2/lib/kitchen/driver/vagrant.rb:399:in `run'
E, [2018-06-13T14:23:25.577193 #11516] ERROR -- default-fedora-28: C:/opscode/chefdk/embedded/lib/ruby/gems/2.5.0/gems/kitchen-vagrant-1.3.2/lib/kitchen/driver/vagrant.rb:483:in `run_vagrant_up'
E, [2018-06-13T14:23:25.577244 #11516] ERROR -- default-fedora-28: C:/opscode/chefdk/embedded/lib/ruby/gems/2.5.0/gems/kitchen-vagrant-1.3.2/lib/kitchen/driver/vagrant.rb:109:in `create'
E, [2018-06-13T14:23:25.577349 #11516] ERROR -- default-fedora-28: C:/opscode/chefdk/embedded/lib/ruby/gems/2.5.0/gems/test-kitchen-1.21.2/lib/kitchen/instance.rb:469:in `public_send'
E, [2018-06-13T14:23:25.577415 #11516] ERROR -- default-fedora-28: C:/opscode/chefdk/embedded/lib/ruby/gems/2.5.0/gems/test-kitchen-1.21.2/lib/kitchen/instance.rb:469:in `block in perform_action'
E, [2018-06-13T14:23:25.577466 #11516] ERROR -- default-fedora-28: C:/opscode/chefdk/embedded/lib/ruby/gems/2.5.0/gems/test-kitchen-1.21.2/lib/kitchen/instance.rb:533:in `block in synchronize_or_call'
E, [2018-06-13T14:23:25.577521 #11516] ERROR -- default-fedora-28: C:/opscode/chefdk/embedded/lib/ruby/gems/2.5.0/gems/test-kitchen-1.21.2/lib/kitchen/instance.rb:531:in `synchronize'
E, [2018-06-13T14:23:25.577575 #11516] ERROR -- default-fedora-28: C:/opscode/chefdk/embedded/lib/ruby/gems/2.5.0/gems/test-kitchen-1.21.2/lib/kitchen/instance.rb:531:in `synchronize_or_call'
E, [2018-06-13T14:23:25.577626 #11516] ERROR -- default-fedora-28: C:/opscode/chefdk/embedded/lib/ruby/gems/2.5.0/gems/test-kitchen-1.21.2/lib/kitchen/instance.rb:498:in `block in action'
E, [2018-06-13T14:23:25.577687 #11516] ERROR -- default-fedora-28: C:/opscode/chefdk/embedded/lib/ruby/2.5.0/benchmark.rb:293:in `measure'
E, [2018-06-13T14:23:25.577742 #11516] ERROR -- default-fedora-28: C:/opscode/chefdk/embedded/lib/ruby/gems/2.5.0/gems/test-kitchen-1.21.2/lib/kitchen/instance.rb:497:in `action'
E, [2018-06-13T14:23:25.577799 #11516] ERROR -- default-fedora-28: C:/opscode/chefdk/embedded/lib/ruby/gems/2.5.0/gems/test-kitchen-1.21.2/lib/kitchen/instance.rb:469:in `perform_action'
E, [2018-06-13T14:23:25.577859 #11516] ERROR -- default-fedora-28: C:/opscode/chefdk/embedded/lib/ruby/gems/2.5.0/gems/test-kitchen-1.21.2/lib/kitchen/instance.rb:379:in `create_action'
E, [2018-06-13T14:23:25.577926 #11516] ERROR -- default-fedora-28: C:/opscode/chefdk/embedded/lib/ruby/gems/2.5.0/gems/test-kitchen-1.21.2/lib/kitchen/instance.rb:368:in `block in transition_to'
E, [2018-06-13T14:23:25.577997 #11516] ERROR -- default-fedora-28: C:/opscode/chefdk/embedded/lib/ruby/gems/2.5.0/gems/test-kitchen-1.21.2/lib/kitchen/instance.rb:367:in `each'
E, [2018-06-13T14:23:25.578152 #11516] ERROR -- default-fedora-28: C:/opscode/chefdk/embedded/lib/ruby/gems/2.5.0/gems/test-kitchen-1.21.2/lib/kitchen/instance.rb:367:in `transition_to'
E, [2018-06-13T14:23:25.578233 #11516] ERROR -- default-fedora-28: C:/opscode/chefdk/embedded/lib/ruby/gems/2.5.0/gems/test-kitchen-1.21.2/lib/kitchen/instance.rb:124:in `create'
E, [2018-06-13T14:23:25.578298 #11516] ERROR -- default-fedora-28: C:/opscode/chefdk/embedded/lib/ruby/gems/2.5.0/gems/test-kitchen-1.21.2/lib/kitchen/command.rb:197:in `public_send'
E, [2018-06-13T14:23:25.578394 #11516] ERROR -- default-fedora-28: C:/opscode/chefdk/embedded/lib/ruby/gems/2.5.0/gems/test-kitchen-1.21.2/lib/kitchen/command.rb:197:in `run_action_in_thread'
E, [2018-06-13T14:23:25.578460 #11516] ERROR -- default-fedora-28: C:/opscode/chefdk/embedded/lib/ruby/gems/2.5.0/gems/test-kitchen-1.21.2/lib/kitchen/command.rb:169:in `block (2 levels) in run_action'
E, [2018-06-13T14:23:25.578579 #11516] ERROR -- default-fedora-28: ----End Backtrace-----
E, [2018-06-13T14:23:25.578655 #11516] ERROR -- default-fedora-28: ---Nested Exception---
E, [2018-06-13T14:23:25.578713 #11516] ERROR -- default-fedora-28: Class: Mixlib::ShellOut::ShellCommandFailed
E, [2018-06-13T14:23:25.578797 #11516] ERROR -- default-fedora-28: Message: Expected process to exit with [0], but received '1'
---- Begin output of vagrant up --no-provision --provider virtualbox ----
STDOUT: Bringing machine 'default' up with 'virtualbox' provider...
==> default: Box 'bento/fedora-28' could not be found. Attempting to find and install...
    default: Box Provider: virtualbox
    default: Box Version: >= 0
==> default: Loading metadata for box 'bento/fedora-28'
    default: URL: https://vagrantcloud.com/bento/fedora-28
STDERR: The box you're attempting to add doesn't support the provider
you requested. Please find an alternate box or use an alternate
provider. Double-check your requested provider to verify you didn't
simply misspell it.

If you're adding a box from HashiCorp's Vagrant Cloud, make sure the box is
released.

Name: bento/fedora-28
Address: https://vagrantcloud.com/bento/fedora-28
Requested provider: [:virtualbox]
---- End output of vagrant up --no-provision --provider virtualbox ----
Ran vagrant up --no-provision --provider virtualbox returned 1
E, [2018-06-13T14:23:25.579000 #11516] ERROR -- default-fedora-28: ----------------------
E, [2018-06-13T14:23:25.579083 #11516] ERROR -- default-fedora-28: ------Backtrace-------
E, [2018-06-13T14:23:25.579140 #11516] ERROR -- default-fedora-28: C:/opscode/chefdk/embedded/lib/ruby/gems/2.5.0/gems/test-kitchen-1.21.2/lib/kitchen/shell_out.rb:71:in `rescue in run_command'
E, [2018-06-13T14:23:25.579198 #11516] ERROR -- default-fedora-28: C:/opscode/chefdk/embedded/lib/ruby/gems/2.5.0/gems/test-kitchen-1.21.2/lib/kitchen/shell_out.rb:58:in `run_command'
E, [2018-06-13T14:23:25.579280 #11516] ERROR -- default-fedora-28: C:/opscode/chefdk/embedded/lib/ruby/gems/2.5.0/gems/kitchen-vagrant-1.3.2/lib/kitchen/driver/vagrant.rb:452:in `run_command'
E, [2018-06-13T14:23:25.579365 #11516] ERROR -- default-fedora-28: C:/opscode/chefdk/embedded/lib/ruby/gems/2.5.0/gems/kitchen-vagrant-1.3.2/lib/kitchen/driver/vagrant.rb:399:in `run'
E, [2018-06-13T14:23:25.579440 #11516] ERROR -- default-fedora-28: C:/opscode/chefdk/embedded/lib/ruby/gems/2.5.0/gems/kitchen-vagrant-1.3.2/lib/kitchen/driver/vagrant.rb:483:in `run_vagrant_up'
E, [2018-06-13T14:23:25.579539 #11516] ERROR -- default-fedora-28: C:/opscode/chefdk/embedded/lib/ruby/gems/2.5.0/gems/kitchen-vagrant-1.3.2/lib/kitchen/driver/vagrant.rb:109:in `create'
E, [2018-06-13T14:23:25.579668 #11516] ERROR -- default-fedora-28: C:/opscode/chefdk/embedded/lib/ruby/gems/2.5.0/gems/test-kitchen-1.21.2/lib/kitchen/instance.rb:469:in `public_send'
E, [2018-06-13T14:23:25.579741 #11516] ERROR -- default-fedora-28: C:/opscode/chefdk/embedded/lib/ruby/gems/2.5.0/gems/test-kitchen-1.21.2/lib/kitchen/instance.rb:469:in `block in perform_action'
E, [2018-06-13T14:23:25.579820 #11516] ERROR -- default-fedora-28: C:/opscode/chefdk/embedded/lib/ruby/gems/2.5.0/gems/test-kitchen-1.21.2/lib/kitchen/instance.rb:533:in `block in synchronize_or_call'
E, [2018-06-13T14:23:25.579914 #11516] ERROR -- default-fedora-28: C:/opscode/chefdk/embedded/lib/ruby/gems/2.5.0/gems/test-kitchen-1.21.2/lib/kitchen/instance.rb:531:in `synchronize'
E, [2018-06-13T14:23:25.580044 #11516] ERROR -- default-fedora-28: C:/opscode/chefdk/embedded/lib/ruby/gems/2.5.0/gems/test-kitchen-1.21.2/lib/kitchen/instance.rb:531:in `synchronize_or_call'
E, [2018-06-13T14:23:25.580189 #11516] ERROR -- default-fedora-28: C:/opscode/chefdk/embedded/lib/ruby/gems/2.5.0/gems/test-kitchen-1.21.2/lib/kitchen/instance.rb:498:in `block in action'
E, [2018-06-13T14:23:25.580299 #11516] ERROR -- default-fedora-28: C:/opscode/chefdk/embedded/lib/ruby/2.5.0/benchmark.rb:293:in `measure'
E, [2018-06-13T14:23:25.580430 #11516] ERROR -- default-fedora-28: C:/opscode/chefdk/embedded/lib/ruby/gems/2.5.0/gems/test-kitchen-1.21.2/lib/kitchen/instance.rb:497:in `action'
E, [2018-06-13T14:23:25.580526 #11516] ERROR -- default-fedora-28: C:/opscode/chefdk/embedded/lib/ruby/gems/2.5.0/gems/test-kitchen-1.21.2/lib/kitchen/instance.rb:469:in `perform_action'
E, [2018-06-13T14:23:25.580640 #11516] ERROR -- default-fedora-28: C:/opscode/chefdk/embedded/lib/ruby/gems/2.5.0/gems/test-kitchen-1.21.2/lib/kitchen/instance.rb:379:in `create_action'
E, [2018-06-13T14:23:25.580706 #11516] ERROR -- default-fedora-28: C:/opscode/chefdk/embedded/lib/ruby/gems/2.5.0/gems/test-kitchen-1.21.2/lib/kitchen/instance.rb:368:in `block in transition_to'
E, [2018-06-13T14:23:25.580789 #11516] ERROR -- default-fedora-28: C:/opscode/chefdk/embedded/lib/ruby/gems/2.5.0/gems/test-kitchen-1.21.2/lib/kitchen/instance.rb:367:in `each'
E, [2018-06-13T14:23:25.580844 #11516] ERROR -- default-fedora-28: C:/opscode/chefdk/embedded/lib/ruby/gems/2.5.0/gems/test-kitchen-1.21.2/lib/kitchen/instance.rb:367:in `transition_to'
E, [2018-06-13T14:23:25.580893 #11516] ERROR -- default-fedora-28: C:/opscode/chefdk/embedded/lib/ruby/gems/2.5.0/gems/test-kitchen-1.21.2/lib/kitchen/instance.rb:124:in `create'
E, [2018-06-13T14:23:25.580943 #11516] ERROR -- default-fedora-28: C:/opscode/chefdk/embedded/lib/ruby/gems/2.5.0/gems/test-kitchen-1.21.2/lib/kitchen/command.rb:197:in `public_send'
E, [2018-06-13T14:23:25.581000 #11516] ERROR -- default-fedora-28: C:/opscode/chefdk/embedded/lib/ruby/gems/2.5.0/gems/test-kitchen-1.21.2/lib/kitchen/command.rb:197:in `run_action_in_thread'
E, [2018-06-13T14:23:25.581055 #11516] ERROR -- default-fedora-28: C:/opscode/chefdk/embedded/lib/ruby/gems/2.5.0/gems/test-kitchen-1.21.2/lib/kitchen/command.rb:169:in `block (2 levels) in run_action'
E, [2018-06-13T14:23:25.581107 #11516] ERROR -- default-fedora-28: ----End Backtrace-----
