I, [2018-06-13T14:21:29.719758 #6904]  INFO -- default-sles-11sp3: -----> Creating <default-sles-11sp3>...
I, [2018-06-13T14:21:32.758083 #6904]  INFO -- default-sles-11sp3: Bringing machine 'default' up with 'virtualbox' provider...
I, [2018-06-13T14:21:35.526930 #6904]  INFO -- default-sles-11sp3: ==> default: Box 'sles-11sp3' could not be found. Attempting to find and install...
I, [2018-06-13T14:21:35.527081 #6904]  INFO -- default-sles-11sp3:     default: Box Provider: virtualbox
I, [2018-06-13T14:21:35.527188 #6904]  INFO -- default-sles-11sp3:     default: Box Version: >= 0
I, [2018-06-13T14:21:35.787618 #6904]  INFO -- default-sles-11sp3: ==> default: Box file was not detected as metadata. Adding it directly...
I, [2018-06-13T14:21:35.787738 #6904]  INFO -- default-sles-11sp3: ==> default: Adding box 'sles-11sp3' (v0) for provider: virtualbox
I, [2018-06-13T14:21:35.787850 #6904]  INFO -- default-sles-11sp3:     default: Downloading: sles-11sp3
I, [2018-06-13T14:21:35.877396 #6904]  INFO -- default-sles-11sp3: [K    default: 
I, [2018-06-13T14:21:35.877772 #6904]  INFO -- default-sles-11sp3: An error occurred while downloading the remote file. The error
I, [2018-06-13T14:21:35.881089 #6904]  INFO -- default-sles-11sp3: message, if any, is reproduced below. Please fix this error and try
I, [2018-06-13T14:21:35.882645 #6904]  INFO -- default-sles-11sp3: again.
I, [2018-06-13T14:21:35.882742 #6904]  INFO -- default-sles-11sp3: 
I, [2018-06-13T14:21:35.882833 #6904]  INFO -- default-sles-11sp3: Couldn't open file /C:/Users/chamun/Documents/DELL-EMC-Job/learn-chef/cookbooks/dvd_store3_postgres/.kitchen/kitchen-vagrant/default-sles-11sp3/sles-11sp3
E, [2018-06-13T14:21:35.910219 #6904] ERROR -- default-sles-11sp3: Create failed on instance <default-sles-11sp3>.
E, [2018-06-13T14:21:35.910426 #6904] ERROR -- default-sles-11sp3: ------Exception-------
E, [2018-06-13T14:21:35.910494 #6904] ERROR -- default-sles-11sp3: Class: Kitchen::ShellOut::ShellCommandFailed
E, [2018-06-13T14:21:35.910553 #6904] ERROR -- default-sles-11sp3: Message: Expected process to exit with [0], but received '1'
---- Begin output of vagrant up --no-provision --provider virtualbox ----
STDOUT: Bringing machine 'default' up with 'virtualbox' provider...
==> default: Box 'sles-11sp3' could not be found. Attempting to find and install...
    default: Box Provider: virtualbox
    default: Box Version: >= 0
==> default: Box file was not detected as metadata. Adding it directly...
==> default: Adding box 'sles-11sp3' (v0) for provider: virtualbox
    default: Downloading: sles-11sp3
[K    default:
STDERR: An error occurred while downloading the remote file. The error
message, if any, is reproduced below. Please fix this error and try
again.

Couldn't open file /C:/Users/chamun/Documents/DELL-EMC-Job/learn-chef/cookbooks/dvd_store3_postgres/.kitchen/kitchen-vagrant/default-sles-11sp3/sles-11sp3
---- End output of vagrant up --no-provision --provider virtualbox ----
Ran vagrant up --no-provision --provider virtualbox returned 1
E, [2018-06-13T14:21:35.910610 #6904] ERROR -- default-sles-11sp3: ----------------------
E, [2018-06-13T14:21:35.910714 #6904] ERROR -- default-sles-11sp3: ------Backtrace-------
E, [2018-06-13T14:21:35.910766 #6904] ERROR -- default-sles-11sp3: C:/opscode/chefdk/embedded/lib/ruby/gems/2.5.0/gems/test-kitchen-1.21.2/lib/kitchen/shell_out.rb:71:in `rescue in run_command'
E, [2018-06-13T14:21:35.910832 #6904] ERROR -- default-sles-11sp3: C:/opscode/chefdk/embedded/lib/ruby/gems/2.5.0/gems/test-kitchen-1.21.2/lib/kitchen/shell_out.rb:58:in `run_command'
E, [2018-06-13T14:21:35.910918 #6904] ERROR -- default-sles-11sp3: C:/opscode/chefdk/embedded/lib/ruby/gems/2.5.0/gems/kitchen-vagrant-1.3.2/lib/kitchen/driver/vagrant.rb:452:in `run_command'
E, [2018-06-13T14:21:35.910982 #6904] ERROR -- default-sles-11sp3: C:/opscode/chefdk/embedded/lib/ruby/gems/2.5.0/gems/kitchen-vagrant-1.3.2/lib/kitchen/driver/vagrant.rb:399:in `run'
E, [2018-06-13T14:21:35.911036 #6904] ERROR -- default-sles-11sp3: C:/opscode/chefdk/embedded/lib/ruby/gems/2.5.0/gems/kitchen-vagrant-1.3.2/lib/kitchen/driver/vagrant.rb:483:in `run_vagrant_up'
E, [2018-06-13T14:21:35.911131 #6904] ERROR -- default-sles-11sp3: C:/opscode/chefdk/embedded/lib/ruby/gems/2.5.0/gems/kitchen-vagrant-1.3.2/lib/kitchen/driver/vagrant.rb:109:in `create'
E, [2018-06-13T14:21:35.911187 #6904] ERROR -- default-sles-11sp3: C:/opscode/chefdk/embedded/lib/ruby/gems/2.5.0/gems/test-kitchen-1.21.2/lib/kitchen/instance.rb:469:in `public_send'
E, [2018-06-13T14:21:35.911240 #6904] ERROR -- default-sles-11sp3: C:/opscode/chefdk/embedded/lib/ruby/gems/2.5.0/gems/test-kitchen-1.21.2/lib/kitchen/instance.rb:469:in `block in perform_action'
E, [2018-06-13T14:21:35.911289 #6904] ERROR -- default-sles-11sp3: C:/opscode/chefdk/embedded/lib/ruby/gems/2.5.0/gems/test-kitchen-1.21.2/lib/kitchen/instance.rb:533:in `block in synchronize_or_call'
E, [2018-06-13T14:21:35.911349 #6904] ERROR -- default-sles-11sp3: C:/opscode/chefdk/embedded/lib/ruby/gems/2.5.0/gems/test-kitchen-1.21.2/lib/kitchen/instance.rb:531:in `synchronize'
E, [2018-06-13T14:21:35.911401 #6904] ERROR -- default-sles-11sp3: C:/opscode/chefdk/embedded/lib/ruby/gems/2.5.0/gems/test-kitchen-1.21.2/lib/kitchen/instance.rb:531:in `synchronize_or_call'
E, [2018-06-13T14:21:35.911454 #6904] ERROR -- default-sles-11sp3: C:/opscode/chefdk/embedded/lib/ruby/gems/2.5.0/gems/test-kitchen-1.21.2/lib/kitchen/instance.rb:498:in `block in action'
E, [2018-06-13T14:21:35.911507 #6904] ERROR -- default-sles-11sp3: C:/opscode/chefdk/embedded/lib/ruby/2.5.0/benchmark.rb:293:in `measure'
E, [2018-06-13T14:21:35.911556 #6904] ERROR -- default-sles-11sp3: C:/opscode/chefdk/embedded/lib/ruby/gems/2.5.0/gems/test-kitchen-1.21.2/lib/kitchen/instance.rb:497:in `action'
E, [2018-06-13T14:21:35.911604 #6904] ERROR -- default-sles-11sp3: C:/opscode/chefdk/embedded/lib/ruby/gems/2.5.0/gems/test-kitchen-1.21.2/lib/kitchen/instance.rb:469:in `perform_action'
E, [2018-06-13T14:21:35.911654 #6904] ERROR -- default-sles-11sp3: C:/opscode/chefdk/embedded/lib/ruby/gems/2.5.0/gems/test-kitchen-1.21.2/lib/kitchen/instance.rb:379:in `create_action'
E, [2018-06-13T14:21:35.911707 #6904] ERROR -- default-sles-11sp3: C:/opscode/chefdk/embedded/lib/ruby/gems/2.5.0/gems/test-kitchen-1.21.2/lib/kitchen/instance.rb:368:in `block in transition_to'
E, [2018-06-13T14:21:35.911755 #6904] ERROR -- default-sles-11sp3: C:/opscode/chefdk/embedded/lib/ruby/gems/2.5.0/gems/test-kitchen-1.21.2/lib/kitchen/instance.rb:367:in `each'
E, [2018-06-13T14:21:35.911805 #6904] ERROR -- default-sles-11sp3: C:/opscode/chefdk/embedded/lib/ruby/gems/2.5.0/gems/test-kitchen-1.21.2/lib/kitchen/instance.rb:367:in `transition_to'
E, [2018-06-13T14:21:35.911885 #6904] ERROR -- default-sles-11sp3: C:/opscode/chefdk/embedded/lib/ruby/gems/2.5.0/gems/test-kitchen-1.21.2/lib/kitchen/instance.rb:124:in `create'
E, [2018-06-13T14:21:35.911957 #6904] ERROR -- default-sles-11sp3: C:/opscode/chefdk/embedded/lib/ruby/gems/2.5.0/gems/test-kitchen-1.21.2/lib/kitchen/command.rb:197:in `public_send'
E, [2018-06-13T14:21:35.912027 #6904] ERROR -- default-sles-11sp3: C:/opscode/chefdk/embedded/lib/ruby/gems/2.5.0/gems/test-kitchen-1.21.2/lib/kitchen/command.rb:197:in `run_action_in_thread'
E, [2018-06-13T14:21:35.912082 #6904] ERROR -- default-sles-11sp3: C:/opscode/chefdk/embedded/lib/ruby/gems/2.5.0/gems/test-kitchen-1.21.2/lib/kitchen/command.rb:169:in `block (2 levels) in run_action'
E, [2018-06-13T14:21:35.912135 #6904] ERROR -- default-sles-11sp3: ----End Backtrace-----
E, [2018-06-13T14:21:35.912189 #6904] ERROR -- default-sles-11sp3: ---Nested Exception---
E, [2018-06-13T14:21:35.912244 #6904] ERROR -- default-sles-11sp3: Class: Mixlib::ShellOut::ShellCommandFailed
E, [2018-06-13T14:21:35.912297 #6904] ERROR -- default-sles-11sp3: Message: Expected process to exit with [0], but received '1'
---- Begin output of vagrant up --no-provision --provider virtualbox ----
STDOUT: Bringing machine 'default' up with 'virtualbox' provider...
==> default: Box 'sles-11sp3' could not be found. Attempting to find and install...
    default: Box Provider: virtualbox
    default: Box Version: >= 0
==> default: Box file was not detected as metadata. Adding it directly...
==> default: Adding box 'sles-11sp3' (v0) for provider: virtualbox
    default: Downloading: sles-11sp3
[K    default:
STDERR: An error occurred while downloading the remote file. The error
message, if any, is reproduced below. Please fix this error and try
again.

Couldn't open file /C:/Users/chamun/Documents/DELL-EMC-Job/learn-chef/cookbooks/dvd_store3_postgres/.kitchen/kitchen-vagrant/default-sles-11sp3/sles-11sp3
---- End output of vagrant up --no-provision --provider virtualbox ----
Ran vagrant up --no-provision --provider virtualbox returned 1
E, [2018-06-13T14:21:35.912392 #6904] ERROR -- default-sles-11sp3: ----------------------
E, [2018-06-13T14:21:35.912450 #6904] ERROR -- default-sles-11sp3: ------Backtrace-------
E, [2018-06-13T14:21:35.912506 #6904] ERROR -- default-sles-11sp3: C:/opscode/chefdk/embedded/lib/ruby/gems/2.5.0/gems/test-kitchen-1.21.2/lib/kitchen/shell_out.rb:71:in `rescue in run_command'
E, [2018-06-13T14:21:35.912555 #6904] ERROR -- default-sles-11sp3: C:/opscode/chefdk/embedded/lib/ruby/gems/2.5.0/gems/test-kitchen-1.21.2/lib/kitchen/shell_out.rb:58:in `run_command'
E, [2018-06-13T14:21:35.912604 #6904] ERROR -- default-sles-11sp3: C:/opscode/chefdk/embedded/lib/ruby/gems/2.5.0/gems/kitchen-vagrant-1.3.2/lib/kitchen/driver/vagrant.rb:452:in `run_command'
E, [2018-06-13T14:21:35.912653 #6904] ERROR -- default-sles-11sp3: C:/opscode/chefdk/embedded/lib/ruby/gems/2.5.0/gems/kitchen-vagrant-1.3.2/lib/kitchen/driver/vagrant.rb:399:in `run'
E, [2018-06-13T14:21:35.912704 #6904] ERROR -- default-sles-11sp3: C:/opscode/chefdk/embedded/lib/ruby/gems/2.5.0/gems/kitchen-vagrant-1.3.2/lib/kitchen/driver/vagrant.rb:483:in `run_vagrant_up'
E, [2018-06-13T14:21:35.912758 #6904] ERROR -- default-sles-11sp3: C:/opscode/chefdk/embedded/lib/ruby/gems/2.5.0/gems/kitchen-vagrant-1.3.2/lib/kitchen/driver/vagrant.rb:109:in `create'
E, [2018-06-13T14:21:35.912809 #6904] ERROR -- default-sles-11sp3: C:/opscode/chefdk/embedded/lib/ruby/gems/2.5.0/gems/test-kitchen-1.21.2/lib/kitchen/instance.rb:469:in `public_send'
E, [2018-06-13T14:21:35.912862 #6904] ERROR -- default-sles-11sp3: C:/opscode/chefdk/embedded/lib/ruby/gems/2.5.0/gems/test-kitchen-1.21.2/lib/kitchen/instance.rb:469:in `block in perform_action'
E, [2018-06-13T14:21:35.912913 #6904] ERROR -- default-sles-11sp3: C:/opscode/chefdk/embedded/lib/ruby/gems/2.5.0/gems/test-kitchen-1.21.2/lib/kitchen/instance.rb:533:in `block in synchronize_or_call'
E, [2018-06-13T14:21:35.912974 #6904] ERROR -- default-sles-11sp3: C:/opscode/chefdk/embedded/lib/ruby/gems/2.5.0/gems/test-kitchen-1.21.2/lib/kitchen/instance.rb:531:in `synchronize'
E, [2018-06-13T14:21:35.913027 #6904] ERROR -- default-sles-11sp3: C:/opscode/chefdk/embedded/lib/ruby/gems/2.5.0/gems/test-kitchen-1.21.2/lib/kitchen/instance.rb:531:in `synchronize_or_call'
E, [2018-06-13T14:21:35.913081 #6904] ERROR -- default-sles-11sp3: C:/opscode/chefdk/embedded/lib/ruby/gems/2.5.0/gems/test-kitchen-1.21.2/lib/kitchen/instance.rb:498:in `block in action'
E, [2018-06-13T14:21:35.913132 #6904] ERROR -- default-sles-11sp3: C:/opscode/chefdk/embedded/lib/ruby/2.5.0/benchmark.rb:293:in `measure'
E, [2018-06-13T14:21:35.913184 #6904] ERROR -- default-sles-11sp3: C:/opscode/chefdk/embedded/lib/ruby/gems/2.5.0/gems/test-kitchen-1.21.2/lib/kitchen/instance.rb:497:in `action'
E, [2018-06-13T14:21:35.913234 #6904] ERROR -- default-sles-11sp3: C:/opscode/chefdk/embedded/lib/ruby/gems/2.5.0/gems/test-kitchen-1.21.2/lib/kitchen/instance.rb:469:in `perform_action'
E, [2018-06-13T14:21:35.913282 #6904] ERROR -- default-sles-11sp3: C:/opscode/chefdk/embedded/lib/ruby/gems/2.5.0/gems/test-kitchen-1.21.2/lib/kitchen/instance.rb:379:in `create_action'
E, [2018-06-13T14:21:35.913366 #6904] ERROR -- default-sles-11sp3: C:/opscode/chefdk/embedded/lib/ruby/gems/2.5.0/gems/test-kitchen-1.21.2/lib/kitchen/instance.rb:368:in `block in transition_to'
E, [2018-06-13T14:21:35.913423 #6904] ERROR -- default-sles-11sp3: C:/opscode/chefdk/embedded/lib/ruby/gems/2.5.0/gems/test-kitchen-1.21.2/lib/kitchen/instance.rb:367:in `each'
E, [2018-06-13T14:21:35.913477 #6904] ERROR -- default-sles-11sp3: C:/opscode/chefdk/embedded/lib/ruby/gems/2.5.0/gems/test-kitchen-1.21.2/lib/kitchen/instance.rb:367:in `transition_to'
E, [2018-06-13T14:21:35.913532 #6904] ERROR -- default-sles-11sp3: C:/opscode/chefdk/embedded/lib/ruby/gems/2.5.0/gems/test-kitchen-1.21.2/lib/kitchen/instance.rb:124:in `create'
E, [2018-06-13T14:21:35.913582 #6904] ERROR -- default-sles-11sp3: C:/opscode/chefdk/embedded/lib/ruby/gems/2.5.0/gems/test-kitchen-1.21.2/lib/kitchen/command.rb:197:in `public_send'
E, [2018-06-13T14:21:35.913632 #6904] ERROR -- default-sles-11sp3: C:/opscode/chefdk/embedded/lib/ruby/gems/2.5.0/gems/test-kitchen-1.21.2/lib/kitchen/command.rb:197:in `run_action_in_thread'
E, [2018-06-13T14:21:35.913682 #6904] ERROR -- default-sles-11sp3: C:/opscode/chefdk/embedded/lib/ruby/gems/2.5.0/gems/test-kitchen-1.21.2/lib/kitchen/command.rb:169:in `block (2 levels) in run_action'
E, [2018-06-13T14:21:35.913734 #6904] ERROR -- default-sles-11sp3: ----End Backtrace-----
