I, [2018-06-13T14:18:34.416616 #18468]  INFO -- default-sles: -----> Creating <default-sles>...
I, [2018-06-13T14:18:37.446349 #18468]  INFO -- default-sles: Bringing machine 'default' up with 'virtualbox' provider...
I, [2018-06-13T14:18:40.173066 #18468]  INFO -- default-sles: ==> default: Box 'sles' could not be found. Attempting to find and install...
I, [2018-06-13T14:18:40.173204 #18468]  INFO -- default-sles:     default: Box Provider: virtualbox
I, [2018-06-13T14:18:40.173287 #18468]  INFO -- default-sles:     default: Box Version: >= 0
I, [2018-06-13T14:18:40.442284 #18468]  INFO -- default-sles: ==> default: Box file was not detected as metadata. Adding it directly...
I, [2018-06-13T14:18:40.466019 #18468]  INFO -- default-sles: ==> default: Adding box 'sles' (v0) for provider: virtualbox
I, [2018-06-13T14:18:40.470080 #18468]  INFO -- default-sles:     default: Downloading: sles
I, [2018-06-13T14:18:40.525005 #18468]  INFO -- default-sles: [K    default: 
I, [2018-06-13T14:18:40.525303 #18468]  INFO -- default-sles: An error occurred while downloading the remote file. The error
I, [2018-06-13T14:18:40.529555 #18468]  INFO -- default-sles: message, if any, is reproduced below. Please fix this error and try
I, [2018-06-13T14:18:40.531339 #18468]  INFO -- default-sles: again.
I, [2018-06-13T14:18:40.531407 #18468]  INFO -- default-sles: 
I, [2018-06-13T14:18:40.531487 #18468]  INFO -- default-sles: Couldn't open file /C:/Users/chamun/Documents/DELL-EMC-Job/learn-chef/cookbooks/dvd_store3_postgres/.kitchen/kitchen-vagrant/default-sles/sles
E, [2018-06-13T14:18:40.557015 #18468] ERROR -- default-sles: Create failed on instance <default-sles>.
E, [2018-06-13T14:18:40.557214 #18468] ERROR -- default-sles: ------Exception-------
E, [2018-06-13T14:18:40.557288 #18468] ERROR -- default-sles: Class: Kitchen::ShellOut::ShellCommandFailed
E, [2018-06-13T14:18:40.557341 #18468] ERROR -- default-sles: Message: Expected process to exit with [0], but received '1'
---- Begin output of vagrant up --no-provision --provider virtualbox ----
STDOUT: Bringing machine 'default' up with 'virtualbox' provider...
==> default: Box 'sles' could not be found. Attempting to find and install...
    default: Box Provider: virtualbox
    default: Box Version: >= 0
==> default: Box file was not detected as metadata. Adding it directly...
==> default: Adding box 'sles' (v0) for provider: virtualbox
    default: Downloading: sles
[K    default:
STDERR: An error occurred while downloading the remote file. The error
message, if any, is reproduced below. Please fix this error and try
again.

Couldn't open file /C:/Users/chamun/Documents/DELL-EMC-Job/learn-chef/cookbooks/dvd_store3_postgres/.kitchen/kitchen-vagrant/default-sles/sles
---- End output of vagrant up --no-provision --provider virtualbox ----
Ran vagrant up --no-provision --provider virtualbox returned 1
E, [2018-06-13T14:18:40.557396 #18468] ERROR -- default-sles: ----------------------
E, [2018-06-13T14:18:40.557446 #18468] ERROR -- default-sles: ------Backtrace-------
E, [2018-06-13T14:18:40.557506 #18468] ERROR -- default-sles: C:/opscode/chefdk/embedded/lib/ruby/gems/2.5.0/gems/test-kitchen-1.21.2/lib/kitchen/shell_out.rb:71:in `rescue in run_command'
E, [2018-06-13T14:18:40.557560 #18468] ERROR -- default-sles: C:/opscode/chefdk/embedded/lib/ruby/gems/2.5.0/gems/test-kitchen-1.21.2/lib/kitchen/shell_out.rb:58:in `run_command'
E, [2018-06-13T14:18:40.557609 #18468] ERROR -- default-sles: C:/opscode/chefdk/embedded/lib/ruby/gems/2.5.0/gems/kitchen-vagrant-1.3.2/lib/kitchen/driver/vagrant.rb:452:in `run_command'
E, [2018-06-13T14:18:40.557657 #18468] ERROR -- default-sles: C:/opscode/chefdk/embedded/lib/ruby/gems/2.5.0/gems/kitchen-vagrant-1.3.2/lib/kitchen/driver/vagrant.rb:399:in `run'
E, [2018-06-13T14:18:40.557710 #18468] ERROR -- default-sles: C:/opscode/chefdk/embedded/lib/ruby/gems/2.5.0/gems/kitchen-vagrant-1.3.2/lib/kitchen/driver/vagrant.rb:483:in `run_vagrant_up'
E, [2018-06-13T14:18:40.557757 #18468] ERROR -- default-sles: C:/opscode/chefdk/embedded/lib/ruby/gems/2.5.0/gems/kitchen-vagrant-1.3.2/lib/kitchen/driver/vagrant.rb:109:in `create'
E, [2018-06-13T14:18:40.557854 #18468] ERROR -- default-sles: C:/opscode/chefdk/embedded/lib/ruby/gems/2.5.0/gems/test-kitchen-1.21.2/lib/kitchen/instance.rb:469:in `public_send'
E, [2018-06-13T14:18:40.557909 #18468] ERROR -- default-sles: C:/opscode/chefdk/embedded/lib/ruby/gems/2.5.0/gems/test-kitchen-1.21.2/lib/kitchen/instance.rb:469:in `block in perform_action'
E, [2018-06-13T14:18:40.557964 #18468] ERROR -- default-sles: C:/opscode/chefdk/embedded/lib/ruby/gems/2.5.0/gems/test-kitchen-1.21.2/lib/kitchen/instance.rb:533:in `block in synchronize_or_call'
E, [2018-06-13T14:18:40.558049 #18468] ERROR -- default-sles: C:/opscode/chefdk/embedded/lib/ruby/gems/2.5.0/gems/test-kitchen-1.21.2/lib/kitchen/instance.rb:531:in `synchronize'
E, [2018-06-13T14:18:40.558128 #18468] ERROR -- default-sles: C:/opscode/chefdk/embedded/lib/ruby/gems/2.5.0/gems/test-kitchen-1.21.2/lib/kitchen/instance.rb:531:in `synchronize_or_call'
E, [2018-06-13T14:18:40.558187 #18468] ERROR -- default-sles: C:/opscode/chefdk/embedded/lib/ruby/gems/2.5.0/gems/test-kitchen-1.21.2/lib/kitchen/instance.rb:498:in `block in action'
E, [2018-06-13T14:18:40.558237 #18468] ERROR -- default-sles: C:/opscode/chefdk/embedded/lib/ruby/2.5.0/benchmark.rb:293:in `measure'
E, [2018-06-13T14:18:40.558287 #18468] ERROR -- default-sles: C:/opscode/chefdk/embedded/lib/ruby/gems/2.5.0/gems/test-kitchen-1.21.2/lib/kitchen/instance.rb:497:in `action'
E, [2018-06-13T14:18:40.558338 #18468] ERROR -- default-sles: C:/opscode/chefdk/embedded/lib/ruby/gems/2.5.0/gems/test-kitchen-1.21.2/lib/kitchen/instance.rb:469:in `perform_action'
E, [2018-06-13T14:18:40.558387 #18468] ERROR -- default-sles: C:/opscode/chefdk/embedded/lib/ruby/gems/2.5.0/gems/test-kitchen-1.21.2/lib/kitchen/instance.rb:379:in `create_action'
E, [2018-06-13T14:18:40.558437 #18468] ERROR -- default-sles: C:/opscode/chefdk/embedded/lib/ruby/gems/2.5.0/gems/test-kitchen-1.21.2/lib/kitchen/instance.rb:368:in `block in transition_to'
E, [2018-06-13T14:18:40.558493 #18468] ERROR -- default-sles: C:/opscode/chefdk/embedded/lib/ruby/gems/2.5.0/gems/test-kitchen-1.21.2/lib/kitchen/instance.rb:367:in `each'
E, [2018-06-13T14:18:40.558548 #18468] ERROR -- default-sles: C:/opscode/chefdk/embedded/lib/ruby/gems/2.5.0/gems/test-kitchen-1.21.2/lib/kitchen/instance.rb:367:in `transition_to'
E, [2018-06-13T14:18:40.558602 #18468] ERROR -- default-sles: C:/opscode/chefdk/embedded/lib/ruby/gems/2.5.0/gems/test-kitchen-1.21.2/lib/kitchen/instance.rb:124:in `create'
E, [2018-06-13T14:18:40.558654 #18468] ERROR -- default-sles: C:/opscode/chefdk/embedded/lib/ruby/gems/2.5.0/gems/test-kitchen-1.21.2/lib/kitchen/command.rb:197:in `public_send'
E, [2018-06-13T14:18:40.558701 #18468] ERROR -- default-sles: C:/opscode/chefdk/embedded/lib/ruby/gems/2.5.0/gems/test-kitchen-1.21.2/lib/kitchen/command.rb:197:in `run_action_in_thread'
E, [2018-06-13T14:18:40.558751 #18468] ERROR -- default-sles: C:/opscode/chefdk/embedded/lib/ruby/gems/2.5.0/gems/test-kitchen-1.21.2/lib/kitchen/command.rb:169:in `block (2 levels) in run_action'
E, [2018-06-13T14:18:40.558802 #18468] ERROR -- default-sles: ----End Backtrace-----
E, [2018-06-13T14:18:40.558853 #18468] ERROR -- default-sles: ---Nested Exception---
E, [2018-06-13T14:18:40.558905 #18468] ERROR -- default-sles: Class: Mixlib::ShellOut::ShellCommandFailed
E, [2018-06-13T14:18:40.558962 #18468] ERROR -- default-sles: Message: Expected process to exit with [0], but received '1'
---- Begin output of vagrant up --no-provision --provider virtualbox ----
STDOUT: Bringing machine 'default' up with 'virtualbox' provider...
==> default: Box 'sles' could not be found. Attempting to find and install...
    default: Box Provider: virtualbox
    default: Box Version: >= 0
==> default: Box file was not detected as metadata. Adding it directly...
==> default: Adding box 'sles' (v0) for provider: virtualbox
    default: Downloading: sles
[K    default:
STDERR: An error occurred while downloading the remote file. The error
message, if any, is reproduced below. Please fix this error and try
again.

Couldn't open file /C:/Users/chamun/Documents/DELL-EMC-Job/learn-chef/cookbooks/dvd_store3_postgres/.kitchen/kitchen-vagrant/default-sles/sles
---- End output of vagrant up --no-provision --provider virtualbox ----
Ran vagrant up --no-provision --provider virtualbox returned 1
E, [2018-06-13T14:18:40.559050 #18468] ERROR -- default-sles: ----------------------
E, [2018-06-13T14:18:40.559105 #18468] ERROR -- default-sles: ------Backtrace-------
E, [2018-06-13T14:18:40.559157 #18468] ERROR -- default-sles: C:/opscode/chefdk/embedded/lib/ruby/gems/2.5.0/gems/test-kitchen-1.21.2/lib/kitchen/shell_out.rb:71:in `rescue in run_command'
E, [2018-06-13T14:18:40.559209 #18468] ERROR -- default-sles: C:/opscode/chefdk/embedded/lib/ruby/gems/2.5.0/gems/test-kitchen-1.21.2/lib/kitchen/shell_out.rb:58:in `run_command'
E, [2018-06-13T14:18:40.559257 #18468] ERROR -- default-sles: C:/opscode/chefdk/embedded/lib/ruby/gems/2.5.0/gems/kitchen-vagrant-1.3.2/lib/kitchen/driver/vagrant.rb:452:in `run_command'
E, [2018-06-13T14:18:40.559306 #18468] ERROR -- default-sles: C:/opscode/chefdk/embedded/lib/ruby/gems/2.5.0/gems/kitchen-vagrant-1.3.2/lib/kitchen/driver/vagrant.rb:399:in `run'
E, [2018-06-13T14:18:40.559354 #18468] ERROR -- default-sles: C:/opscode/chefdk/embedded/lib/ruby/gems/2.5.0/gems/kitchen-vagrant-1.3.2/lib/kitchen/driver/vagrant.rb:483:in `run_vagrant_up'
E, [2018-06-13T14:18:40.559405 #18468] ERROR -- default-sles: C:/opscode/chefdk/embedded/lib/ruby/gems/2.5.0/gems/kitchen-vagrant-1.3.2/lib/kitchen/driver/vagrant.rb:109:in `create'
E, [2018-06-13T14:18:40.559455 #18468] ERROR -- default-sles: C:/opscode/chefdk/embedded/lib/ruby/gems/2.5.0/gems/test-kitchen-1.21.2/lib/kitchen/instance.rb:469:in `public_send'
E, [2018-06-13T14:18:40.559521 #18468] ERROR -- default-sles: C:/opscode/chefdk/embedded/lib/ruby/gems/2.5.0/gems/test-kitchen-1.21.2/lib/kitchen/instance.rb:469:in `block in perform_action'
E, [2018-06-13T14:18:40.559582 #18468] ERROR -- default-sles: C:/opscode/chefdk/embedded/lib/ruby/gems/2.5.0/gems/test-kitchen-1.21.2/lib/kitchen/instance.rb:533:in `block in synchronize_or_call'
E, [2018-06-13T14:18:40.559635 #18468] ERROR -- default-sles: C:/opscode/chefdk/embedded/lib/ruby/gems/2.5.0/gems/test-kitchen-1.21.2/lib/kitchen/instance.rb:531:in `synchronize'
E, [2018-06-13T14:18:40.559691 #18468] ERROR -- default-sles: C:/opscode/chefdk/embedded/lib/ruby/gems/2.5.0/gems/test-kitchen-1.21.2/lib/kitchen/instance.rb:531:in `synchronize_or_call'
E, [2018-06-13T14:18:40.559743 #18468] ERROR -- default-sles: C:/opscode/chefdk/embedded/lib/ruby/gems/2.5.0/gems/test-kitchen-1.21.2/lib/kitchen/instance.rb:498:in `block in action'
E, [2018-06-13T14:18:40.559815 #18468] ERROR -- default-sles: C:/opscode/chefdk/embedded/lib/ruby/2.5.0/benchmark.rb:293:in `measure'
E, [2018-06-13T14:18:40.559876 #18468] ERROR -- default-sles: C:/opscode/chefdk/embedded/lib/ruby/gems/2.5.0/gems/test-kitchen-1.21.2/lib/kitchen/instance.rb:497:in `action'
E, [2018-06-13T14:18:40.559937 #18468] ERROR -- default-sles: C:/opscode/chefdk/embedded/lib/ruby/gems/2.5.0/gems/test-kitchen-1.21.2/lib/kitchen/instance.rb:469:in `perform_action'
E, [2018-06-13T14:18:40.560041 #18468] ERROR -- default-sles: C:/opscode/chefdk/embedded/lib/ruby/gems/2.5.0/gems/test-kitchen-1.21.2/lib/kitchen/instance.rb:379:in `create_action'
E, [2018-06-13T14:18:40.560111 #18468] ERROR -- default-sles: C:/opscode/chefdk/embedded/lib/ruby/gems/2.5.0/gems/test-kitchen-1.21.2/lib/kitchen/instance.rb:368:in `block in transition_to'
E, [2018-06-13T14:18:40.560180 #18468] ERROR -- default-sles: C:/opscode/chefdk/embedded/lib/ruby/gems/2.5.0/gems/test-kitchen-1.21.2/lib/kitchen/instance.rb:367:in `each'
E, [2018-06-13T14:18:40.560269 #18468] ERROR -- default-sles: C:/opscode/chefdk/embedded/lib/ruby/gems/2.5.0/gems/test-kitchen-1.21.2/lib/kitchen/instance.rb:367:in `transition_to'
E, [2018-06-13T14:18:40.560345 #18468] ERROR -- default-sles: C:/opscode/chefdk/embedded/lib/ruby/gems/2.5.0/gems/test-kitchen-1.21.2/lib/kitchen/instance.rb:124:in `create'
E, [2018-06-13T14:18:40.560425 #18468] ERROR -- default-sles: C:/opscode/chefdk/embedded/lib/ruby/gems/2.5.0/gems/test-kitchen-1.21.2/lib/kitchen/command.rb:197:in `public_send'
E, [2018-06-13T14:18:40.560534 #18468] ERROR -- default-sles: C:/opscode/chefdk/embedded/lib/ruby/gems/2.5.0/gems/test-kitchen-1.21.2/lib/kitchen/command.rb:197:in `run_action_in_thread'
E, [2018-06-13T14:18:40.560627 #18468] ERROR -- default-sles: C:/opscode/chefdk/embedded/lib/ruby/gems/2.5.0/gems/test-kitchen-1.21.2/lib/kitchen/command.rb:169:in `block (2 levels) in run_action'
E, [2018-06-13T14:18:40.560760 #18468] ERROR -- default-sles: ----End Backtrace-----
